<?xml version="1.0" encoding="UTF-8"?>
<!-- Generated by org.testng.reporters.JUnitReportReporter -->
<testsuite hostname="LAPTOP-VIT6JBMD" failures="0" tests="1" name="com.coverFox_test.CoverFoxUsingTestNG" time="10.520" errors="0" timestamp="2025-04-22T23:23:50 IST" skipped="0">
  <testcase classname="com.coverFox_test.CoverFoxUsingTestNG" name="validateCoverFoxPlans" time="10.520">
    <system-out>
      <![CDATA[getting plan number from text
getting plan number from plan cards
Plan number are matching TC is passed
TestvalidateCoverFoxPlansis success]]>
    </system-out>
  </testcase> <!-- validateCoverFoxPlans -->
  <system-out>
    <![CDATA[Reading urlfrom properties file
launching browser
clicking on gender
clicking on next button of health plan page
reading data from excel
clicking on NextButton of MemberDetailsPage
reading data from excel
Entering pincode
reading data from excel
Entering mobile number
Clicking on Continue Button
getting plan number from text
getting plan number from plan cards
Plan number are matching TC is passed
TestvalidateCoverFoxPlansis success
closing Browser]]>
  </system-out>
</testsuite> <!-- com.coverFox_test.CoverFoxUsingTestNG -->
